[2012-05-01 12:27:43.361] [INFO] lowkick - Port number has been set to "1314"
[2012-05-01 12:27:43.361] [INFO] lowkick - Hostname has been set to "localhost"
[2012-05-01 12:27:43.382] [INFO] lowkick - Starting server at localhost:1314
[2012-05-01 12:27:51.941] [WARN] lowkick - Failed to read git description. Trying package version...
[2012-05-01 12:27:51.943] [INFO] lowkick - Package version has been read to be used as revision number;  '0.0.5'
[2012-05-01 12:27:51.945] [DEBUG] lowkick - Finding user scripts under following targets;  [ 'test/main.js', 'test/run_browser.js' ]
[2012-05-01 12:27:51.952] [ERROR] lowkick - Error: ENOENT, No such file or directory 'test/run_browser.js'
[2012-05-01 12:30:52.862] [INFO] lowkick - Port number has been set to "1314"
[2012-05-01 12:30:52.863] [INFO] lowkick - Hostname has been set to "localhost"
[2012-05-01 12:30:52.889] [INFO] lowkick - Starting server at localhost:1314
[2012-05-01 12:31:06.842] [INFO] lowkick - Port number has been set to "1314"
[2012-05-01 12:31:06.842] [INFO] lowkick - Hostname has been set to "localhost"
[2012-05-01 12:31:06.843] [INFO] lowkick - Running command "node" in the local server
[2012-05-01 12:31:06.843] [DEBUG] lowkick - Command "node" is being executed by driver "node"
[2012-05-01 12:31:06.843] [DEBUG] lowkick - Running a Node command "node run_node.js"
[2012-05-01 12:31:51.090] [INFO] lowkick - Port number has been set to "1314"
[2012-05-01 12:31:51.090] [INFO] lowkick - Hostname has been set to "localhost"
[2012-05-01 12:31:51.091] [INFO] lowkick - Running command "node" in the local server
[2012-05-01 12:31:51.091] [DEBUG] lowkick - Command "node" is being executed by driver "node"
[2012-05-01 12:31:51.091] [DEBUG] lowkick - Running a Node command "node test/run_node.js"
[2012-05-01 12:31:55.646] [INFO] lowkick - Port number has been set to "1314"
[2012-05-01 12:31:55.646] [INFO] lowkick - Hostname has been set to "localhost"
[2012-05-01 12:31:55.646] [INFO] lowkick - Running command "node" in the local server
[2012-05-01 12:31:55.646] [DEBUG] lowkick - Command "node" is being executed by driver "node"
[2012-05-01 12:31:55.646] [DEBUG] lowkick - Running a Node command "node test/run_node.js"
[2012-05-01 12:31:58.763] [INFO] lowkick - Ran command "node" successfully.
[2012-05-01 12:37:54.097] [INFO] lowkick - Port number has been set to "1314"
[2012-05-01 12:37:54.097] [INFO] lowkick - Hostname has been set to "localhost"
[2012-05-01 12:37:54.126] [INFO] lowkick - Starting server at localhost:1314
[2012-05-01 12:42:44.983] [WARN] lowkick - Failed to read git description. Trying package version...
[2012-05-01 12:42:44.984] [INFO] lowkick - Package version has been read to be used as revision number;  '0.0.5'
[2012-05-01 12:42:44.985] [DEBUG] lowkick - Finding user scripts under following targets;  [ 'test/main.js', 'test/run_browser.js' ]
[2012-05-01 12:42:44.988] [INFO] lowkick - Found user scripts; [ 'test/main.js', 'test/run_browser.js' ]
[2012-05-01 12:42:44.988] [INFO] lowkick - Given parameters:  undefined
[2012-05-01 12:42:44.989] [ERROR] lowkick - TypeError: Cannot read property 'sandbox' of undefined
    at /home/azer/dev/boxcars/node_modules/lowkick/lib/server.js:84:35
    at [object Object].<anonymous> (fs.js:107:5)
    at [object Object].emit (events.js:61:17)
    at afterRead (fs.js:878:12)
    at wrapper (fs.js:245:17)
[2012-05-01 12:42:44.990] [ERROR] lowkick - Invalid params "undefined"
[2012-05-01 12:42:44.991] [INFO] lowkick - Outputting test page for Mozilla/5.0 (X11; Linux x86_64) AppleWebKit/535.2 (KHTML, like Gecko) Chrome/15.0.874.102 Safari/535.2
[2012-05-01 12:42:45.173] [INFO] lowkick - [signal] BEGIN
[2012-05-01 12:42:45.174] [INFO] lowkick - [message] Running "exports"
[2012-05-01 12:42:45.178] [INFO] lowkick - [message] Unexpected Error: 
    Uncaught TypeError: Property 'exports' of object #<Object> is not a function
    http://localhost:1314/scripts/test/run_browser.js
    17
[2012-05-01 12:42:45.225] [INFO] lowkick - [signal] END
[2012-05-01 12:42:45.235] [INFO] lowkick - [message] Unexpected Error: 
    Uncaught Error: chrome.tabs can only be used in extension processes. See the content scripts documentation for more details.
    chrome/RendererExtensionBindings
    288
[2012-05-01 12:42:45.244] [INFO] lowkick - [signal] END
[2012-05-01 12:43:34.248] [INFO] lowkick - Port number has been set to "1314"
[2012-05-01 12:43:34.248] [INFO] lowkick - Hostname has been set to "localhost"
[2012-05-01 12:43:34.278] [INFO] lowkick - Starting server at localhost:1314
[2012-05-01 12:43:35.780] [WARN] lowkick - Failed to read git description. Trying package version...
[2012-05-01 12:43:35.781] [INFO] lowkick - Package version has been read to be used as revision number;  '0.0.5'
[2012-05-01 12:43:35.782] [DEBUG] lowkick - Finding user scripts under following targets;  [ 'test/main.js', 'test/run_browser.js' ]
[2012-05-01 12:43:35.789] [INFO] lowkick - Found user scripts; [ 'test/main.js', 'test/run_browser.js' ]
[2012-05-01 12:43:35.790] [INFO] lowkick - Given parameters:  undefined
[2012-05-01 12:43:35.790] [ERROR] lowkick - TypeError: Cannot read property 'sandbox' of undefined
    at /home/azer/dev/boxcars/node_modules/lowkick/lib/server.js:84:35
    at [object Object].<anonymous> (fs.js:107:5)
    at [object Object].emit (events.js:61:17)
    at afterRead (fs.js:878:12)
    at wrapper (fs.js:245:17)
[2012-05-01 12:43:35.793] [ERROR] lowkick - Invalid params "undefined"
[2012-05-01 12:43:35.795] [INFO] lowkick - Outputting test page for Mozilla/5.0 (X11; Linux x86_64) AppleWebKit/535.2 (KHTML, like Gecko) Chrome/15.0.874.102 Safari/535.2
[2012-05-01 12:43:35.843] [INFO] lowkick - [signal] BEGIN
[2012-05-01 12:43:35.844] [INFO] lowkick - [message] Running "exports"
[2012-05-01 12:43:35.851] [INFO] lowkick - [message] Unexpected Error: 
    Uncaught TypeError: Object #<Object> has no method 'exports'
    http://localhost:1314/scripts/test/run_browser.js
    17
[2012-05-01 12:43:35.884] [INFO] lowkick - [message] Unexpected Error: 
    Uncaught Error: chrome.tabs can only be used in extension processes. See the content scripts documentation for more details.
    chrome/RendererExtensionBindings
    288
[2012-05-01 12:43:35.888] [INFO] lowkick - [signal] END
[2012-05-01 12:43:35.896] [INFO] lowkick - [signal] END
[2012-05-01 12:48:38.186] [WARN] lowkick - Failed to read git description. Trying package version...
[2012-05-01 12:48:38.187] [INFO] lowkick - Package version has been read to be used as revision number;  '0.0.5'
[2012-05-01 12:48:38.188] [INFO] lowkick - Given parameters:  undefined
[2012-05-01 12:48:38.189] [ERROR] lowkick - TypeError: Cannot read property 'sandbox' of undefined
    at /home/azer/dev/boxcars/node_modules/lowkick/lib/server.js:84:35
    at [object Object].<anonymous> (fs.js:107:5)
    at [object Object].emit (events.js:61:17)
    at afterRead (fs.js:878:12)
    at wrapper (fs.js:245:17)
[2012-05-01 12:48:38.189] [ERROR] lowkick - Invalid params "undefined"
[2012-05-01 12:48:38.191] [INFO] lowkick - Outputting test page for Mozilla/5.0 (X11; Linux x86_64) AppleWebKit/535.2 (KHTML, like Gecko) Chrome/15.0.874.102 Safari/535.2
[2012-05-01 12:48:38.307] [INFO] lowkick - [signal] BEGIN
[2012-05-01 12:48:38.315] [INFO] lowkick - [message] Running "exports"
[2012-05-01 12:48:38.316] [INFO] lowkick - [message] Unexpected Error: 
    Uncaught TypeError: Object #<Object> has no method 'exports'
    http://localhost:1314/scripts/test/run_browser.js
    17
[2012-05-01 12:48:38.348] [INFO] lowkick - [message] Unexpected Error: 
    Uncaught Error: chrome.tabs can only be used in extension processes. See the content scripts documentation for more details.
    chrome/RendererExtensionBindings
    288
[2012-05-01 12:48:38.352] [INFO] lowkick - [signal] END
[2012-05-01 12:48:38.365] [INFO] lowkick - [signal] END
[2012-05-01 12:49:03.432] [WARN] lowkick - Failed to read git description. Trying package version...
[2012-05-01 12:49:03.433] [INFO] lowkick - Package version has been read to be used as revision number;  '0.0.5'
[2012-05-01 12:49:03.434] [INFO] lowkick - Given parameters:  undefined
[2012-05-01 12:49:03.435] [ERROR] lowkick - TypeError: Cannot read property 'sandbox' of undefined
    at /home/azer/dev/boxcars/node_modules/lowkick/lib/server.js:84:35
    at [object Object].<anonymous> (fs.js:107:5)
    at [object Object].emit (events.js:61:17)
    at afterRead (fs.js:878:12)
    at wrapper (fs.js:245:17)
[2012-05-01 12:49:03.436] [ERROR] lowkick - Invalid params "undefined"
[2012-05-01 12:49:03.437] [INFO] lowkick - Outputting test page for Mozilla/5.0 (X11; Linux x86_64) AppleWebKit/535.2 (KHTML, like Gecko) Chrome/15.0.874.102 Safari/535.2
[2012-05-01 12:49:03.534] [INFO] lowkick - [message] Unexpected Error: 
    Uncaught Error: chrome.tabs can only be used in extension processes. See the content scripts documentation for more details.
    chrome/RendererExtensionBindings
    288
[2012-05-01 12:49:03.541] [INFO] lowkick - [signal] END
[2012-05-01 12:49:09.697] [INFO] lowkick - [signal] BEGIN
[2012-05-01 12:49:09.699] [INFO] lowkick - [message] Running "exports"
[2012-05-01 12:49:27.684] [INFO] lowkick - [signal] BEGIN
[2012-05-01 12:49:27.686] [INFO] lowkick - [message] Running "exports"
[2012-05-01 12:49:52.761] [WARN] lowkick - Failed to read git description. Trying package version...
[2012-05-01 12:49:52.762] [INFO] lowkick - Package version has been read to be used as revision number;  '0.0.5'
[2012-05-01 12:49:52.763] [INFO] lowkick - Given parameters:  undefined
[2012-05-01 12:49:52.763] [ERROR] lowkick - TypeError: Cannot read property 'sandbox' of undefined
    at /home/azer/dev/boxcars/node_modules/lowkick/lib/server.js:84:35
    at [object Object].<anonymous> (fs.js:107:5)
    at [object Object].emit (events.js:61:17)
    at afterRead (fs.js:878:12)
    at wrapper (fs.js:245:17)
[2012-05-01 12:49:52.764] [ERROR] lowkick - Invalid params "undefined"
[2012-05-01 12:49:52.765] [INFO] lowkick - Outputting test page for Mozilla/5.0 (X11; Linux x86_64) AppleWebKit/535.2 (KHTML, like Gecko) Chrome/15.0.874.102 Safari/535.2
[2012-05-01 12:49:52.846] [INFO] lowkick - [signal] BEGIN
[2012-05-01 12:49:52.847] [INFO] lowkick - [message] Running "testArgs"
[2012-05-01 12:49:52.849] [INFO] lowkick - [message] Unexpected Error: 
    Uncaught ReferenceError: boxcars is not defined
    http://localhost:1314/scripts/test/main.js
    22
[2012-05-01 12:49:52.874] [INFO] lowkick - [message] Unexpected Error: 
    Uncaught Error: chrome.tabs can only be used in extension processes. See the content scripts documentation for more details.
    chrome/RendererExtensionBindings
    288
[2012-05-01 12:49:52.877] [INFO] lowkick - [signal] END
[2012-05-01 12:49:52.881] [INFO] lowkick - [signal] END
[2012-05-01 12:50:21.917] [INFO] lowkick - Port number has been set to "1314"
[2012-05-01 12:50:21.917] [INFO] lowkick - Hostname has been set to "localhost"
[2012-05-01 12:50:21.942] [INFO] lowkick - Starting server at localhost:1314
[2012-05-01 12:50:23.630] [WARN] lowkick - Failed to read git description. Trying package version...
[2012-05-01 12:50:23.631] [INFO] lowkick - Package version has been read to be used as revision number;  '0.0.5'
[2012-05-01 12:50:23.631] [DEBUG] lowkick - Finding user scripts under following targets;  [ 'boxcars.js', 'test/main.js', 'test/run_browser.js' ]
[2012-05-01 12:50:23.634] [INFO] lowkick - Found user scripts; [ 'boxcars.js', 'test/main.js', 'test/run_browser.js' ]
[2012-05-01 12:50:23.635] [INFO] lowkick - Given parameters:  undefined
[2012-05-01 12:50:23.635] [ERROR] lowkick - TypeError: Cannot read property 'sandbox' of undefined
    at /home/azer/dev/boxcars/node_modules/lowkick/lib/server.js:84:35
    at [object Object].<anonymous> (fs.js:107:5)
    at [object Object].emit (events.js:61:17)
    at afterRead (fs.js:878:12)
    at wrapper (fs.js:245:17)
[2012-05-01 12:50:23.637] [ERROR] lowkick - Invalid params "undefined"
[2012-05-01 12:50:23.639] [INFO] lowkick - Outputting test page for Mozilla/5.0 (X11; Linux x86_64) AppleWebKit/535.2 (KHTML, like Gecko) Chrome/15.0.874.102 Safari/535.2
[2012-05-01 12:50:23.729] [INFO] lowkick - [signal] BEGIN
[2012-05-01 12:50:23.731] [INFO] lowkick - [message] Running "testArgs"
[2012-05-01 12:50:23.744] [INFO] lowkick - [message] Unexpected Error: 
    Uncaught Error: chrome.tabs can only be used in extension processes. See the content scripts documentation for more details.
    chrome/RendererExtensionBindings
    288
[2012-05-01 12:50:23.751] [INFO] lowkick - [signal] END
[2012-05-01 12:50:24.093] [INFO] lowkick - [message] Unexpected Error: 
    Uncaught Error: Assertion Error: 1 != 2
    http://localhost:1314/scripts/test/main.js
    11
[2012-05-01 12:50:24.098] [INFO] lowkick - [signal] END
[2012-05-01 12:50:59.207] [WARN] lowkick - Failed to read git description. Trying package version...
[2012-05-01 12:50:59.208] [INFO] lowkick - Package version has been read to be used as revision number;  '0.0.5'
[2012-05-01 12:50:59.209] [INFO] lowkick - Given parameters:  undefined
[2012-05-01 12:50:59.209] [ERROR] lowkick - TypeError: Cannot read property 'sandbox' of undefined
    at /home/azer/dev/boxcars/node_modules/lowkick/lib/server.js:84:35
    at [object Object].<anonymous> (fs.js:107:5)
    at [object Object].emit (events.js:61:17)
    at afterRead (fs.js:878:12)
    at wrapper (fs.js:245:17)
[2012-05-01 12:50:59.210] [ERROR] lowkick - Invalid params "undefined"
[2012-05-01 12:50:59.211] [INFO] lowkick - Outputting test page for Mozilla/5.0 (X11; Linux x86_64) AppleWebKit/535.2 (KHTML, like Gecko) Chrome/15.0.874.102 Safari/535.2
[2012-05-01 12:50:59.304] [INFO] lowkick - [signal] BEGIN
[2012-05-01 12:50:59.307] [INFO] lowkick - [message] Running "testArgs"
[2012-05-01 12:50:59.325] [INFO] lowkick - [message] Unexpected Error: 
    Uncaught Error: chrome.tabs can only be used in extension processes. See the content scripts documentation for more details.
    chrome/RendererExtensionBindings
    288
[2012-05-01 12:50:59.335] [INFO] lowkick - [signal] END
[2012-05-01 12:51:33.404] [INFO] lowkick - [message] Unexpected Error: 
    Uncaught Error: Assertion Error: 1 != 2
    http://localhost:1314/scripts/test/main.js
    11
[2012-05-01 12:51:33.410] [INFO] lowkick - [signal] END
[2012-05-01 12:51:44.686] [INFO] lowkick - [signal] BEGIN
[2012-05-01 12:51:44.689] [INFO] lowkick - [message] Running "testArgs"
[2012-05-01 12:51:44.711] [INFO] lowkick - [message] Unexpected Error: 
    Uncaught Error: chrome.tabs can only be used in extension processes. See the content scripts documentation for more details.
    chrome/RendererExtensionBindings
    288
[2012-05-01 12:51:44.713] [INFO] lowkick - [message] Unexpected Error: 
    Uncaught Error: Assertion Error: 1 != 2
    http://localhost:1314/scripts/test/main.js
    11
[2012-05-01 12:51:44.718] [INFO] lowkick - [signal] END
[2012-05-01 12:51:44.721] [INFO] lowkick - [signal] END
[2012-05-01 12:53:20.639] [INFO] lowkick - Port number has been set to "1314"
[2012-05-01 12:53:20.640] [INFO] lowkick - Hostname has been set to "localhost"
[2012-05-01 12:53:20.662] [INFO] lowkick - Starting server at localhost:1314
[2012-05-01 12:53:22.142] [WARN] lowkick - Failed to read git description. Trying package version...
[2012-05-01 12:53:22.143] [INFO] lowkick - Package version has been read to be used as revision number;  '0.0.5'
[2012-05-01 12:53:22.144] [DEBUG] lowkick - Finding user scripts under following targets;  [ 'boxcars.js',
  'test/main.js',
  'test/run_browser.js',
  'test/files/pi1',
  'test/files/pi2',
  'test/files/pi3' ]
[2012-05-01 12:53:22.147] [INFO] lowkick - Found user scripts; [ 'boxcars.js', 'test/main.js', 'test/run_browser.js' ]
[2012-05-01 12:53:22.148] [INFO] lowkick - Given parameters:  undefined
[2012-05-01 12:53:22.149] [ERROR] lowkick - TypeError: Cannot read property 'sandbox' of undefined
    at /home/azer/dev/boxcars/node_modules/lowkick/lib/server.js:84:35
    at [object Object].<anonymous> (fs.js:107:5)
    at [object Object].emit (events.js:61:17)
    at afterRead (fs.js:878:12)
    at wrapper (fs.js:245:17)
[2012-05-01 12:53:22.151] [ERROR] lowkick - Invalid params "undefined"
[2012-05-01 12:53:22.156] [INFO] lowkick - Outputting test page for Mozilla/5.0 (X11; Linux x86_64) AppleWebKit/535.2 (KHTML, like Gecko) Chrome/15.0.874.102 Safari/535.2
[2012-05-01 12:53:22.224] [INFO] lowkick - [signal] BEGIN
[2012-05-01 12:53:22.228] [INFO] lowkick - [message] Running "testArgs"
[2012-05-01 12:53:22.240] [INFO] lowkick - [message] Unexpected Error: 
    Uncaught Error: chrome.tabs can only be used in extension processes. See the content scripts documentation for more details.
    chrome/RendererExtensionBindings
    288
[2012-05-01 12:53:22.246] [INFO] lowkick - [message] Unexpected Error: 
    Uncaught Error: Assertion Error: 1 != 2
    http://localhost:1314/scripts/test/main.js
    11
[2012-05-01 12:53:22.249] [INFO] lowkick - [signal] END
[2012-05-01 12:53:22.251] [INFO] lowkick - [signal] END
[2012-05-01 12:53:24.247] [WARN] lowkick - Failed to read git description. Trying package version...
[2012-05-01 12:53:24.247] [INFO] lowkick - Package version has been read to be used as revision number;  '0.0.5'
[2012-05-01 12:53:24.248] [INFO] lowkick - Given parameters:  undefined
[2012-05-01 12:53:24.248] [ERROR] lowkick - TypeError: Cannot read property 'sandbox' of undefined
    at /home/azer/dev/boxcars/node_modules/lowkick/lib/server.js:84:35
    at [object Object].<anonymous> (fs.js:107:5)
    at [object Object].emit (events.js:61:17)
    at afterRead (fs.js:878:12)
    at wrapper (fs.js:245:17)
[2012-05-01 12:53:24.248] [ERROR] lowkick - Invalid params "undefined"
[2012-05-01 12:53:24.249] [INFO] lowkick - Outputting test page for Mozilla/5.0 (X11; Linux x86_64) AppleWebKit/535.2 (KHTML, like Gecko) Chrome/15.0.874.102 Safari/535.2
[2012-05-01 12:53:24.345] [INFO] lowkick - [signal] BEGIN
[2012-05-01 12:53:24.347] [INFO] lowkick - [message] Running "testArgs"
[2012-05-01 12:53:24.365] [INFO] lowkick - [message] Unexpected Error: 
    Uncaught Error: chrome.tabs can only be used in extension processes. See the content scripts documentation for more details.
    chrome/RendererExtensionBindings
    288
[2012-05-01 12:53:24.370] [INFO] lowkick - [signal] END
[2012-05-01 12:53:24.515] [INFO] lowkick - [message] Unexpected Error: 
    Uncaught Error: Assertion Error: 1 != 2
    http://localhost:1314/scripts/test/main.js
    11
[2012-05-01 12:53:24.519] [INFO] lowkick - [signal] END
[2012-05-01 12:55:02.748] [INFO] lowkick - Port number has been set to "1314"
[2012-05-01 12:55:02.749] [INFO] lowkick - Hostname has been set to "localhost"
[2012-05-01 12:55:02.774] [INFO] lowkick - Starting server at localhost:1314
[2012-05-01 12:55:05.684] [WARN] lowkick - Failed to read git description. Trying package version...
[2012-05-01 12:55:05.685] [INFO] lowkick - Package version has been read to be used as revision number;  '0.0.5'
[2012-05-01 12:55:05.685] [DEBUG] lowkick - Finding user scripts under following targets;  [ 'boxcars.js',
  'test/main.js',
  'test/run_browser.js',
  'test/files/pi1',
  'test/files/pi2',
  'test/files/pi3' ]
[2012-05-01 12:55:05.690] [INFO] lowkick - Found user scripts; [ 'boxcars.js', 'test/main.js', 'test/run_browser.js' ]
[2012-05-01 12:55:05.690] [INFO] lowkick - Given parameters:  undefined
[2012-05-01 12:55:05.691] [ERROR] lowkick - TypeError: Cannot read property 'sandbox' of undefined
    at /home/azer/dev/boxcars/node_modules/lowkick/lib/server.js:84:35
    at [object Object].<anonymous> (fs.js:107:5)
    at [object Object].emit (events.js:61:17)
    at afterRead (fs.js:878:12)
    at wrapper (fs.js:245:17)
[2012-05-01 12:55:05.693] [ERROR] lowkick - Invalid params "undefined"
[2012-05-01 12:55:05.695] [INFO] lowkick - Outputting test page for Mozilla/5.0 (X11; Linux x86_64) AppleWebKit/535.2 (KHTML, like Gecko) Chrome/15.0.874.102 Safari/535.2
[2012-05-01 12:55:05.800] [INFO] lowkick - [message] Unexpected Error: 
    Uncaught SyntaxError: Unexpected token ,
    http://localhost:1314/scripts/test/main.js
    18
[2012-05-01 12:55:05.808] [INFO] lowkick - [signal] BEGIN
[2012-05-01 12:55:05.813] [INFO] lowkick - [message] Unexpected Error: 
    Uncaught ReferenceError: module is not defined
    http://localhost:1314/scripts/test/run_browser.js
    4
[2012-05-01 12:55:05.821] [INFO] lowkick - [signal] END
[2012-05-01 12:55:05.831] [INFO] lowkick - [message] Unexpected Error: 
    Uncaught Error: chrome.tabs can only be used in extension processes. See the content scripts documentation for more details.
    chrome/RendererExtensionBindings
    288
[2012-05-01 12:55:05.833] [INFO] lowkick - [signal] END
[2012-05-01 12:55:05.844] [INFO] lowkick - [signal] END
[2012-05-01 12:55:22.588] [INFO] lowkick - Port number has been set to "1314"
[2012-05-01 12:55:22.588] [INFO] lowkick - Hostname has been set to "localhost"
[2012-05-01 12:55:22.607] [INFO] lowkick - Starting server at localhost:1314
[2012-05-01 12:55:23.843] [WARN] lowkick - Failed to read git description. Trying package version...
[2012-05-01 12:55:23.845] [INFO] lowkick - Package version has been read to be used as revision number;  '0.0.5'
[2012-05-01 12:55:23.846] [DEBUG] lowkick - Finding user scripts under following targets;  [ 'boxcars.js',
  'test/main.js',
  'test/run_browser.js',
  'test/files/pi1',
  'test/files/pi2',
  'test/files/pi3' ]
[2012-05-01 12:55:23.852] [INFO] lowkick - Found user scripts; [ 'boxcars.js', 'test/main.js', 'test/run_browser.js' ]
[2012-05-01 12:55:23.854] [INFO] lowkick - Given parameters:  undefined
[2012-05-01 12:55:23.854] [ERROR] lowkick - TypeError: Cannot read property 'sandbox' of undefined
    at /home/azer/dev/boxcars/node_modules/lowkick/lib/server.js:84:35
    at [object Object].<anonymous> (fs.js:107:5)
    at [object Object].emit (events.js:61:17)
    at afterRead (fs.js:878:12)
    at wrapper (fs.js:245:17)
[2012-05-01 12:55:23.858] [ERROR] lowkick - Invalid params "undefined"
[2012-05-01 12:55:23.860] [INFO] lowkick - Outputting test page for Mozilla/5.0 (X11; Linux x86_64) AppleWebKit/535.2 (KHTML, like Gecko) Chrome/15.0.874.102 Safari/535.2
[2012-05-01 12:55:23.947] [INFO] lowkick - [signal] BEGIN
[2012-05-01 12:55:23.951] [INFO] lowkick - [message] Running "testArgs"
[2012-05-01 12:55:23.966] [INFO] lowkick - [message] Unexpected Error: 
    Uncaught Error: chrome.tabs can only be used in extension processes. See the content scripts documentation for more details.
    chrome/RendererExtensionBindings
    288
[2012-05-01 12:55:23.980] [INFO] lowkick - [signal] END
[2012-05-01 12:55:23.988] [INFO] lowkick - [message] Running "testArray"
[2012-05-01 12:55:24.007] [INFO] lowkick - [message] Running "testObj"
[2012-05-01 12:55:24.028] [INFO] lowkick - [message] Running "testCaching"
[2012-05-01 12:55:24.033] [INFO] lowkick - [signal] END
[2012-05-01 12:55:24.034] [INFO] lowkick - [message] Setting test result of current environment as OK
[2012-05-01 12:55:24.039] [INFO] lowkick - Setting result of "dom,chrome,gecko,modules,navigator,safari,webkit,v8" as OK
[2012-05-01 12:55:24.043] [INFO] lowkick - [message] Running "undefined"
[2012-05-01 12:55:24.046] [INFO] lowkick - [message] Unexpected Error: 
    Uncaught TypeError: Property 'undefined' of object #<Object> is not a function
    http://localhost:1314/scripts/test/run_browser.js
    17
[2012-05-01 12:55:24.058] [INFO] lowkick - [signal] END
[2012-05-01 12:55:39.418] [WARN] lowkick - Failed to read git description. Trying package version...
[2012-05-01 12:55:39.419] [INFO] lowkick - Package version has been read to be used as revision number;  '0.0.5'
[2012-05-01 12:55:39.419] [INFO] lowkick - Given parameters:  undefined
[2012-05-01 12:55:39.420] [ERROR] lowkick - TypeError: Cannot read property 'sandbox' of undefined
    at /home/azer/dev/boxcars/node_modules/lowkick/lib/server.js:84:35
    at [object Object].<anonymous> (fs.js:107:5)
    at [object Object].emit (events.js:61:17)
    at afterRead (fs.js:878:12)
    at wrapper (fs.js:245:17)
[2012-05-01 12:55:39.420] [ERROR] lowkick - Invalid params "undefined"
[2012-05-01 12:55:39.421] [INFO] lowkick - Outputting test page for Mozilla/5.0 (X11; Linux x86_64) AppleWebKit/535.2 (KHTML, like Gecko) Chrome/15.0.874.102 Safari/535.2
[2012-05-01 12:55:44.807] [INFO] lowkick - [signal] BEGIN
[2012-05-01 12:55:44.809] [INFO] lowkick - [message] Running "testArgs"
[2012-05-01 12:55:47.893] [INFO] lowkick - [message] Unexpected Error: 
    Uncaught Error: chrome.tabs can only be used in extension processes. See the content scripts documentation for more details.
    chrome/RendererExtensionBindings
    288
[2012-05-01 12:55:47.903] [INFO] lowkick - [signal] END
[2012-05-01 12:55:47.909] [INFO] lowkick - [message] Running "testArray"
[2012-05-01 12:55:47.927] [INFO] lowkick - [message] Running "testObj"
[2012-05-01 12:55:47.944] [INFO] lowkick - [message] Running "testCaching"
[2012-05-01 12:55:47.950] [INFO] lowkick - [signal] END
[2012-05-01 12:55:47.951] [INFO] lowkick - [message] Setting test result of current environment as OK
[2012-05-01 12:55:49.268] [INFO] lowkick - Setting result of "dom,chrome,gecko,modules,navigator,safari,webkit,v8" as OK
[2012-05-01 12:55:49.272] [INFO] lowkick - [message] Running "undefined"
[2012-05-01 12:56:16.027] [INFO] lowkick - Port number has been set to "1314"
[2012-05-01 12:56:16.028] [INFO] lowkick - Hostname has been set to "localhost"
[2012-05-01 12:56:16.054] [INFO] lowkick - Starting server at localhost:1314
[2012-05-01 12:56:18.235] [INFO] lowkick - [message] Unexpected Error: 
    Uncaught TypeError: Property 'undefined' of object #<Object> is not a function
    http://localhost:1314/scripts/test/run_browser.js
    17
[2012-05-01 12:56:18.260] [INFO] lowkick - [signal] END
[2012-05-01 12:56:19.415] [WARN] lowkick - Failed to read git description. Trying package version...
[2012-05-01 12:56:19.416] [INFO] lowkick - Package version has been read to be used as revision number;  '0.0.5'
[2012-05-01 12:56:19.416] [DEBUG] lowkick - Finding user scripts under following targets;  [ 'boxcars.js',
  'test/main.js',
  'test/run_browser.js',
  'test/files/pi1',
  'test/files/pi2',
  'test/files/pi3' ]
[2012-05-01 12:56:19.421] [INFO] lowkick - Found user scripts; [ 'boxcars.js', 'test/main.js', 'test/run_browser.js' ]
[2012-05-01 12:56:19.423] [INFO] lowkick - Given parameters:  undefined
[2012-05-01 12:56:19.423] [ERROR] lowkick - TypeError: Cannot read property 'sandbox' of undefined
    at /home/azer/dev/boxcars/node_modules/lowkick/lib/server.js:84:35
    at [object Object].<anonymous> (fs.js:107:5)
    at [object Object].emit (events.js:61:17)
    at afterRead (fs.js:878:12)
    at wrapper (fs.js:245:17)
[2012-05-01 12:56:19.425] [ERROR] lowkick - Invalid params "undefined"
[2012-05-01 12:56:19.427] [INFO] lowkick - Outputting test page for Mozilla/5.0 (X11; Linux x86_64) AppleWebKit/535.2 (KHTML, like Gecko) Chrome/15.0.874.102 Safari/535.2
[2012-05-01 12:56:22.601] [INFO] lowkick - [signal] BEGIN
[2012-05-01 12:56:22.603] [INFO] lowkick - [message] Running "testArgs"
[2012-05-01 12:57:37.434] [INFO] lowkick - [message] Unexpected Error: 
    Uncaught Error: chrome.tabs can only be used in extension processes. See the content scripts documentation for more details.
    chrome/RendererExtensionBindings
    288
[2012-05-01 12:57:37.457] [INFO] lowkick - [signal] END
[2012-05-01 12:57:37.466] [INFO] lowkick - [message] Running "testArray"
[2012-05-01 12:57:37.480] [INFO] lowkick - [message] Running "testObj"
[2012-05-01 12:57:37.487] [INFO] lowkick - [message] Running "testCaching"
[2012-05-01 12:57:37.504] [INFO] lowkick - [signal] END
[2012-05-01 12:57:37.507] [INFO] lowkick - [message] Setting test result of current environment as OK
[2012-05-01 12:57:37.508] [INFO] lowkick - Setting result of "dom,chrome,gecko,modules,navigator,safari,webkit,v8" as OK
[2012-05-01 12:57:44.617] [WARN] lowkick - Failed to read git description. Trying package version...
[2012-05-01 12:57:44.618] [INFO] lowkick - Package version has been read to be used as revision number;  '0.0.5'
[2012-05-01 12:57:44.618] [INFO] lowkick - Given parameters:  undefined
[2012-05-01 12:57:44.618] [ERROR] lowkick - TypeError: Cannot read property 'sandbox' of undefined
    at /home/azer/dev/boxcars/node_modules/lowkick/lib/server.js:84:35
    at [object Object].<anonymous> (fs.js:107:5)
    at [object Object].emit (events.js:61:17)
    at afterRead (fs.js:878:12)
    at wrapper (fs.js:245:17)
[2012-05-01 12:57:44.619] [ERROR] lowkick - Invalid params "undefined"
[2012-05-01 12:57:44.620] [INFO] lowkick - Outputting test page for Mozilla/5.0 (X11; Linux x86_64) AppleWebKit/535.2 (KHTML, like Gecko) Chrome/15.0.874.102 Safari/535.2
[2012-05-01 12:57:51.040] [INFO] lowkick - [signal] BEGIN
[2012-05-01 12:57:51.042] [INFO] lowkick - [message] Running "testArgs"
[2012-05-01 12:57:51.067] [INFO] lowkick - [message] Unexpected Error: 
    Uncaught Error: chrome.tabs can only be used in extension processes. See the content scripts documentation for more details.
    chrome/RendererExtensionBindings
    288
[2012-05-01 12:57:51.074] [INFO] lowkick - [signal] END
[2012-05-01 12:57:51.083] [INFO] lowkick - [message] Running "testArray"
[2012-05-01 12:57:51.111] [INFO] lowkick - [message] Running "testObj"
[2012-05-01 12:57:51.131] [INFO] lowkick - [message] Running "testCaching"
[2012-05-01 12:57:51.144] [INFO] lowkick - [signal] END
[2012-05-01 12:57:51.144] [INFO] lowkick - [message] Setting test result of current environment as OK
[2012-05-01 12:57:51.145] [INFO] lowkick - Setting result of "dom,chrome,gecko,modules,navigator,safari,webkit,v8" as OK
[2012-05-01 12:58:21.090] [INFO] lowkick - Port number has been set to "1314"
[2012-05-01 12:58:21.090] [INFO] lowkick - Hostname has been set to "localhost"
[2012-05-01 12:58:21.116] [INFO] lowkick - Starting server at localhost:1314
[2012-05-01 12:58:41.444] [WARN] lowkick - Failed to read git description. Trying package version...
[2012-05-01 12:58:41.445] [INFO] lowkick - Package version has been read to be used as revision number;  '0.0.5'
[2012-05-01 12:58:41.446] [DEBUG] lowkick - Finding user scripts under following targets;  [ 'boxcars.js',
  'test/main.js',
  'test/run_browser.js',
  'test/files/pi1',
  'test/files/pi2',
  'test/files/pi3' ]
[2012-05-01 12:58:41.449] [INFO] lowkick - Found user scripts; [ 'boxcars.js', 'test/main.js', 'test/run_browser.js' ]
[2012-05-01 12:58:41.450] [INFO] lowkick - Given parameters:  undefined
[2012-05-01 12:58:41.451] [ERROR] lowkick - TypeError: Cannot read property 'sandbox' of undefined
    at /home/azer/dev/boxcars/node_modules/lowkick/lib/server.js:84:35
    at [object Object].<anonymous> (fs.js:107:5)
    at [object Object].emit (events.js:61:17)
    at afterRead (fs.js:878:12)
    at wrapper (fs.js:245:17)
[2012-05-01 12:58:41.452] [ERROR] lowkick - Invalid params "undefined"
[2012-05-01 12:58:41.454] [INFO] lowkick - Outputting test page for Mozilla/4.0 (compatible; MSIE 6.0; Windows NT 5.1; SV1)
[2012-05-01 12:58:42.180] [INFO] lowkick - [signal] BEGIN
[2012-05-01 12:58:42.228] [INFO] lowkick - [message] Unexpected Error: 
    Object doesn't support this property or method
    http://10.0.2.2:1314/
    5
[2012-05-01 12:58:42.281] [INFO] lowkick - [signal] END
[2012-05-01 13:00:18.117] [INFO] lowkick - Port number has been set to "1314"
[2012-05-01 13:00:18.117] [INFO] lowkick - Hostname has been set to "localhost"
[2012-05-01 13:00:18.143] [INFO] lowkick - Starting server at localhost:1314
[2012-05-01 13:00:25.876] [WARN] lowkick - Failed to read git description. Trying package version...
[2012-05-01 13:00:25.879] [INFO] lowkick - Package version has been read to be used as revision number;  '0.0.5'
[2012-05-01 13:00:25.880] [DEBUG] lowkick - Finding user scripts under following targets;  [ 'boxcars.js',
  'test/main.js',
  'test/run_browser.js',
  'test/files/pi1',
  'test/files/pi2',
  'test/files/pi3' ]
[2012-05-01 13:00:25.886] [INFO] lowkick - Found user scripts; [ 'boxcars.js', 'test/main.js', 'test/run_browser.js' ]
[2012-05-01 13:00:25.887] [INFO] lowkick - Given parameters:  undefined
[2012-05-01 13:00:25.887] [ERROR] lowkick - TypeError: Cannot read property 'sandbox' of undefined
    at /home/azer/dev/boxcars/node_modules/lowkick/lib/server.js:84:35
    at [object Object].<anonymous> (fs.js:107:5)
    at [object Object].emit (events.js:61:17)
    at afterRead (fs.js:878:12)
    at wrapper (fs.js:245:17)
[2012-05-01 13:00:25.890] [ERROR] lowkick - Invalid params "undefined"
[2012-05-01 13:00:25.892] [INFO] lowkick - Outputting test page for Mozilla/4.0 (compatible; MSIE 6.0; Windows NT 5.1; SV1)
[2012-05-01 13:00:26.182] [INFO] lowkick - [signal] BEGIN
[2012-05-01 13:00:26.212] [INFO] lowkick - [message] Running "testArgs"
[2012-05-01 13:00:26.225] [INFO] lowkick - [message] Unexpected Error: 
    Object doesn't support this property or method
    http://10.0.2.2:1314/
    23
[2012-05-01 13:00:26.281] [INFO] lowkick - [signal] END
[2012-05-01 13:00:59.581] [WARN] lowkick - Failed to read git description. Trying package version...
[2012-05-01 13:00:59.582] [INFO] lowkick - Package version has been read to be used as revision number;  '0.0.5'
[2012-05-01 13:00:59.583] [INFO] lowkick - Given parameters:  undefined
[2012-05-01 13:00:59.588] [ERROR] lowkick - TypeError: Cannot read property 'sandbox' of undefined
    at /home/azer/dev/boxcars/node_modules/lowkick/lib/server.js:84:35
    at [object Object].<anonymous> (fs.js:107:5)
    at [object Object].emit (events.js:61:17)
    at afterRead (fs.js:878:12)
    at wrapper (fs.js:245:17)
[2012-05-01 13:00:59.589] [ERROR] lowkick - Invalid params "undefined"
[2012-05-01 13:00:59.590] [INFO] lowkick - Outputting test page for Mozilla/4.0 (compatible; MSIE 6.0; Windows NT 5.1; SV1)
[2012-05-01 13:00:59.848] [INFO] lowkick - [signal] BEGIN
[2012-05-01 13:00:59.868] [INFO] lowkick - [message] Running "testArgs"
[2012-05-01 13:00:59.891] [INFO] lowkick - [message] Unexpected Error: 
    Object doesn't support this property or method
    http://10.0.2.2:1314/
    23
[2012-05-01 13:00:59.945] [INFO] lowkick - [signal] END
[2012-05-01 13:03:28.653] [WARN] lowkick - Failed to read git description. Trying package version...
[2012-05-01 13:03:28.654] [INFO] lowkick - Package version has been read to be used as revision number;  '0.0.5'
[2012-05-01 13:03:28.655] [INFO] lowkick - Given parameters:  undefined
[2012-05-01 13:03:28.656] [ERROR] lowkick - TypeError: Cannot read property 'sandbox' of undefined
    at /home/azer/dev/boxcars/node_modules/lowkick/lib/server.js:84:35
    at [object Object].<anonymous> (fs.js:107:5)
    at [object Object].emit (events.js:61:17)
    at afterRead (fs.js:878:12)
    at wrapper (fs.js:245:17)
[2012-05-01 13:03:28.657] [ERROR] lowkick - Invalid params "undefined"
[2012-05-01 13:03:28.657] [INFO] lowkick - Outputting test page for Mozilla/4.0 (compatible; MSIE 6.0; Windows NT 5.1; SV1)
[2012-05-01 13:03:29.423] [INFO] lowkick - [signal] BEGIN
[2012-05-01 13:03:29.515] [INFO] lowkick - [message] Running "testArgs"
[2012-05-01 13:03:29.531] [INFO] lowkick - [message] Unexpected Error: 
    Object doesn't support this property or method
    http://10.0.2.2:1314/
    23
[2012-05-01 13:03:29.585] [INFO] lowkick - [signal] END
[2012-05-01 13:03:51.514] [WARN] lowkick - Failed to read git description. Trying package version...
[2012-05-01 13:03:51.518] [INFO] lowkick - Package version has been read to be used as revision number;  '0.0.5'
[2012-05-01 13:03:51.519] [INFO] lowkick - Given parameters:  undefined
[2012-05-01 13:03:51.519] [ERROR] lowkick - TypeError: Cannot read property 'sandbox' of undefined
    at /home/azer/dev/boxcars/node_modules/lowkick/lib/server.js:84:35
    at [object Object].<anonymous> (fs.js:107:5)
    at [object Object].emit (events.js:61:17)
    at afterRead (fs.js:878:12)
    at wrapper (fs.js:245:17)
[2012-05-01 13:03:51.519] [ERROR] lowkick - Invalid params "undefined"
[2012-05-01 13:03:51.520] [INFO] lowkick - Outputting test page for Mozilla/4.0 (compatible; MSIE 6.0; Windows NT 5.1; SV1)
[2012-05-01 13:03:51.778] [INFO] lowkick - [signal] BEGIN
[2012-05-01 13:03:51.782] [INFO] lowkick - [message] Running "testArgs"
[2012-05-01 13:03:51.828] [INFO] lowkick - [message] Unexpected Error: 
    Object doesn't support this property or method
    http://10.0.2.2:1314/
    23
[2012-05-01 13:03:51.881] [INFO] lowkick - [signal] END
[2012-05-01 13:04:04.028] [WARN] lowkick - Failed to read git description. Trying package version...
[2012-05-01 13:04:04.029] [INFO] lowkick - Package version has been read to be used as revision number;  '0.0.5'
[2012-05-01 13:04:04.030] [INFO] lowkick - Given parameters:  undefined
[2012-05-01 13:04:04.030] [ERROR] lowkick - TypeError: Cannot read property 'sandbox' of undefined
    at /home/azer/dev/boxcars/node_modules/lowkick/lib/server.js:84:35
    at [object Object].<anonymous> (fs.js:107:5)
    at [object Object].emit (events.js:61:17)
    at afterRead (fs.js:878:12)
    at wrapper (fs.js:245:17)
[2012-05-01 13:04:04.030] [ERROR] lowkick - Invalid params "undefined"
[2012-05-01 13:04:04.031] [INFO] lowkick - Outputting test page for Mozilla/4.0 (compatible; MSIE 6.0; Windows NT 5.1; SV1)
[2012-05-01 13:04:04.338] [INFO] lowkick - [signal] BEGIN
[2012-05-01 13:04:04.351] [INFO] lowkick - [message] Running "testArgs"
[2012-05-01 13:04:04.385] [INFO] lowkick - [message] Unexpected Error: 
    Object doesn't support this property or method
    http://10.0.2.2:1314/
    23
[2012-05-01 13:04:04.441] [INFO] lowkick - [signal] END
[2012-05-01 13:04:17.071] [WARN] lowkick - Failed to read git description. Trying package version...
[2012-05-01 13:04:17.072] [INFO] lowkick - Package version has been read to be used as revision number;  '0.0.5'
[2012-05-01 13:04:17.072] [INFO] lowkick - Given parameters:  undefined
[2012-05-01 13:04:17.073] [ERROR] lowkick - TypeError: Cannot read property 'sandbox' of undefined
    at /home/azer/dev/boxcars/node_modules/lowkick/lib/server.js:84:35
    at [object Object].<anonymous> (fs.js:107:5)
    at [object Object].emit (events.js:61:17)
    at afterRead (fs.js:878:12)
    at wrapper (fs.js:245:17)
[2012-05-01 13:04:17.073] [ERROR] lowkick - Invalid params "undefined"
[2012-05-01 13:04:17.074] [INFO] lowkick - Outputting test page for Mozilla/4.0 (compatible; MSIE 6.0; Windows NT 5.1; SV1)
[2012-05-01 13:04:17.349] [INFO] lowkick - [signal] BEGIN
[2012-05-01 13:04:17.362] [INFO] lowkick - [message] Running "testArgs"
[2012-05-01 13:04:17.391] [INFO] lowkick - [message] Unexpected Error: 
    Object doesn't support this property or method
    http://10.0.2.2:1314/
    23
[2012-05-01 13:04:17.441] [INFO] lowkick - [signal] END
[2012-05-01 13:04:24.761] [WARN] lowkick - Failed to read git description. Trying package version...
[2012-05-01 13:04:24.764] [INFO] lowkick - Package version has been read to be used as revision number;  '0.0.5'
[2012-05-01 13:04:24.765] [INFO] lowkick - Given parameters:  undefined
[2012-05-01 13:04:24.766] [ERROR] lowkick - TypeError: Cannot read property 'sandbox' of undefined
    at /home/azer/dev/boxcars/node_modules/lowkick/lib/server.js:84:35
    at [object Object].<anonymous> (fs.js:107:5)
    at [object Object].emit (events.js:61:17)
    at afterRead (fs.js:878:12)
    at wrapper (fs.js:245:17)
[2012-05-01 13:04:24.766] [ERROR] lowkick - Invalid params "undefined"
[2012-05-01 13:04:24.768] [INFO] lowkick - Outputting test page for Mozilla/4.0 (compatible; MSIE 6.0; Windows NT 5.1; SV1)
[2012-05-01 13:04:25.038] [INFO] lowkick - [signal] BEGIN
[2012-05-01 13:04:25.048] [INFO] lowkick - [message] Running "testArgs"
[2012-05-01 13:04:25.085] [INFO] lowkick - [message] Unexpected Error: 
    Object doesn't support this property or method
    http://10.0.2.2:1314/
    23
[2012-05-01 13:04:25.135] [INFO] lowkick - [signal] END
[2012-05-01 13:08:49.473] [INFO] lowkick - Port number has been set to "1314"
[2012-05-01 13:08:49.474] [INFO] lowkick - Hostname has been set to "localhost"
[2012-05-01 13:08:49.488] [INFO] lowkick - Starting server at localhost:1314
[2012-05-01 13:08:53.305] [WARN] lowkick - Failed to read git description. Trying package version...
[2012-05-01 13:08:53.305] [INFO] lowkick - Package version has been read to be used as revision number;  '0.0.5'
[2012-05-01 13:08:53.306] [DEBUG] lowkick - Finding user scripts under following targets;  [ 'test/https:/raw.github.com/kriskowal/es5-shim/master/es5-shim.min.js',
  'boxcars.js',
  'test/main.js',
  'test/run_browser.js',
  'test/files/pi1',
  'test/files/pi2',
  'test/files/pi3' ]
[2012-05-01 13:08:53.310] [ERROR] lowkick - Error: ENOENT, No such file or directory 'test/https:/raw.github.com/kriskowal/es5-shim/master/es5-shim.min.js'
[2012-05-01 13:09:26.717] [INFO] lowkick - Port number has been set to "1314"
[2012-05-01 13:09:26.718] [INFO] lowkick - Hostname has been set to "localhost"
[2012-05-01 13:09:26.745] [INFO] lowkick - Starting server at localhost:1314
[2012-05-01 13:09:28.344] [WARN] lowkick - Failed to read git description. Trying package version...
[2012-05-01 13:09:28.345] [INFO] lowkick - Package version has been read to be used as revision number;  '0.0.5'
[2012-05-01 13:09:28.346] [DEBUG] lowkick - Finding user scripts under following targets;  [ 'test/es5-shim.min.js',
  'boxcars.js',
  'test/main.js',
  'test/run_browser.js',
  'test/files/pi1',
  'test/files/pi2',
  'test/files/pi3' ]
[2012-05-01 13:09:28.352] [INFO] lowkick - Found user scripts; [ 'test/es5-shim.min.js',
  'boxcars.js',
  'test/main.js',
  'test/run_browser.js' ]
[2012-05-01 13:09:28.352] [INFO] lowkick - Given parameters:  undefined
[2012-05-01 13:09:28.353] [ERROR] lowkick - TypeError: Cannot read property 'sandbox' of undefined
    at /home/azer/dev/boxcars/node_modules/lowkick/lib/server.js:84:35
    at [object Object].<anonymous> (fs.js:107:5)
    at [object Object].emit (events.js:61:17)
    at afterRead (fs.js:878:12)
    at wrapper (fs.js:245:17)
[2012-05-01 13:09:28.355] [ERROR] lowkick - Invalid params "undefined"
[2012-05-01 13:09:28.357] [INFO] lowkick - Outputting test page for Mozilla/5.0 (X11; Linux x86_64) AppleWebKit/535.2 (KHTML, like Gecko) Chrome/15.0.874.102 Safari/535.2
[2012-05-01 13:09:28.442] [INFO] lowkick - [signal] BEGIN
[2012-05-01 13:09:28.448] [INFO] lowkick - [message] Running "testArgs"
[2012-05-01 13:09:28.458] [INFO] lowkick - [message] Unexpected Error: 
    Uncaught Error: chrome.tabs can only be used in extension processes. See the content scripts documentation for more details.
    chrome/RendererExtensionBindings
    288
[2012-05-01 13:09:28.467] [INFO] lowkick - [signal] END
[2012-05-01 13:09:28.474] [INFO] lowkick - [message] Running "testArray"
[2012-05-01 13:09:28.488] [INFO] lowkick - [message] Running "testObj"
[2012-05-01 13:09:28.511] [INFO] lowkick - [message] Running "testCaching"
[2012-05-01 13:09:28.522] [INFO] lowkick - [signal] END
[2012-05-01 13:09:28.523] [INFO] lowkick - [message] Setting test result of current environment as OK
[2012-05-01 13:09:28.526] [INFO] lowkick - Setting result of "dom,chrome,gecko,modules,navigator,safari,webkit,v8" as OK
[2012-05-01 13:09:34.009] [WARN] lowkick - Failed to read git description. Trying package version...
[2012-05-01 13:09:34.010] [INFO] lowkick - Package version has been read to be used as revision number;  '0.0.5'
[2012-05-01 13:09:34.011] [INFO] lowkick - Given parameters:  undefined
[2012-05-01 13:09:34.012] [ERROR] lowkick - TypeError: Cannot read property 'sandbox' of undefined
    at /home/azer/dev/boxcars/node_modules/lowkick/lib/server.js:84:35
    at [object Object].<anonymous> (fs.js:107:5)
    at [object Object].emit (events.js:61:17)
    at afterRead (fs.js:878:12)
    at wrapper (fs.js:245:17)
[2012-05-01 13:09:34.013] [ERROR] lowkick - Invalid params "undefined"
[2012-05-01 13:09:34.014] [INFO] lowkick - Outputting test page for Mozilla/4.0 (compatible; MSIE 6.0; Windows NT 5.1; SV1)
[2012-05-01 13:09:34.252] [INFO] lowkick - [signal] BEGIN
[2012-05-01 13:09:34.285] [INFO] lowkick - [message] Running "testArgs"
[2012-05-01 13:09:34.295] [INFO] lowkick - [message] Unexpected Error: 
    Object expected
    http://10.0.2.2:1314/
    83
[2012-05-01 13:09:34.355] [INFO] lowkick - [signal] END
[2012-05-01 13:10:53.566] [INFO] lowkick - [message] Setting test result of current environment as FAIL
[2012-05-01 13:10:53.568] [INFO] lowkick - Setting result of "bind,dom,ie,ie6,modules,navigator" as FAIL
[2012-05-01 13:10:53.775] [WARN] lowkick - Failed to read git description. Trying package version...
[2012-05-01 13:10:53.776] [INFO] lowkick - Package version has been read to be used as revision number;  '0.0.5'
[2012-05-01 13:10:53.777] [INFO] lowkick - Given parameters:  undefined
[2012-05-01 13:10:53.777] [ERROR] lowkick - TypeError: Cannot read property 'sandbox' of undefined
    at /home/azer/dev/boxcars/node_modules/lowkick/lib/server.js:84:35
    at [object Object].<anonymous> (fs.js:107:5)
    at [object Object].emit (events.js:61:17)
    at afterRead (fs.js:878:12)
    at wrapper (fs.js:245:17)
[2012-05-01 13:10:53.778] [ERROR] lowkick - Invalid params "undefined"
[2012-05-01 13:10:53.779] [INFO] lowkick - Outputting test page for Mozilla/4.0 (compatible; MSIE 6.0; Windows NT 5.1; SV1)
[2012-05-01 13:10:54.265] [INFO] lowkick - [signal] BEGIN
[2012-05-01 13:10:54.295] [INFO] lowkick - [message] Running "testArgs"
[2012-05-01 13:10:54.351] [INFO] lowkick - [message] Running "testArray"
[2012-05-01 13:10:54.361] [INFO] lowkick - [message] Running "testObj"
[2012-05-01 13:10:54.395] [INFO] lowkick - [message] Running "testCaching"
[2012-05-01 13:10:54.405] [INFO] lowkick - [signal] END
[2012-05-01 13:10:54.445] [INFO] lowkick - Setting result of "bind,dom,ie,ie6,modules,navigator" as OK
[2012-05-01 13:10:54.445] [INFO] lowkick - [message] Setting test result of current environment as OK
[2012-05-01 13:11:27.705] [INFO] lowkick - Port number has been set to "1314"
[2012-05-01 13:11:27.705] [INFO] lowkick - Hostname has been set to "localhost"
[2012-05-01 13:11:27.728] [INFO] lowkick - Starting server at localhost:1314
[2012-05-01 13:11:52.124] [WARN] lowkick - Failed to read git description. Trying package version...
[2012-05-01 13:11:52.125] [INFO] lowkick - Package version has been read to be used as revision number;  '0.0.5'
[2012-05-01 13:11:52.127] [DEBUG] lowkick - Finding user scripts under following targets;  [ 'test/es5-shim.min.js',
  'boxcars.js',
  'test/main.js',
  'test/run_browser.js',
  'test/files/pi1',
  'test/files/pi2',
  'test/files/pi3' ]
[2012-05-01 13:11:52.135] [INFO] lowkick - Found user scripts; [ 'test/es5-shim.min.js',
  'boxcars.js',
  'test/main.js',
  'test/run_browser.js' ]
[2012-05-01 13:11:52.137] [INFO] lowkick - Given parameters:  undefined
[2012-05-01 13:11:52.137] [ERROR] lowkick - TypeError: Cannot read property 'sandbox' of undefined
    at /home/azer/dev/boxcars/node_modules/lowkick/lib/server.js:84:35
    at [object Object].<anonymous> (fs.js:107:5)
    at [object Object].emit (events.js:61:17)
    at afterRead (fs.js:878:12)
    at wrapper (fs.js:245:17)
[2012-05-01 13:11:52.140] [ERROR] lowkick - Invalid params "undefined"
[2012-05-01 13:11:52.142] [INFO] lowkick - Outputting test page for Mozilla/5.0 (X11; Linux x86_64) AppleWebKit/535.2 (KHTML, like Gecko) Chrome/15.0.874.102 Safari/535.2
[2012-05-01 13:11:52.275] [INFO] lowkick - [signal] BEGIN
[2012-05-01 13:11:52.276] [INFO] lowkick - [message] Running "testArgs"
[2012-05-01 13:11:52.293] [INFO] lowkick - [message] Unexpected Error: 
    Uncaught Error: chrome.tabs can only be used in extension processes. See the content scripts documentation for more details.
    chrome/RendererExtensionBindings
    288
[2012-05-01 13:11:52.306] [INFO] lowkick - [signal] END
[2012-05-01 13:11:52.314] [INFO] lowkick - [message] Running "testArray"
[2012-05-01 13:11:52.333] [INFO] lowkick - [message] Running "testObj"
[2012-05-01 13:11:52.351] [INFO] lowkick - [message] Running "testCaching"
[2012-05-01 13:11:52.361] [INFO] lowkick - [signal] END
[2012-05-01 13:11:52.361] [INFO] lowkick - [message] Setting test result of current environment as OK
[2012-05-01 13:11:52.362] [INFO] lowkick - Setting result of "dom,chrome,gecko,modules,navigator,safari,webkit,v8" as OK
[2012-05-01 13:12:03.870] [WARN] lowkick - Failed to read git description. Trying package version...
[2012-05-01 13:12:03.872] [INFO] lowkick - Package version has been read to be used as revision number;  '0.0.5'
[2012-05-01 13:12:03.873] [INFO] lowkick - Given parameters:  undefined
[2012-05-01 13:12:03.873] [ERROR] lowkick - TypeError: Cannot read property 'sandbox' of undefined
    at /home/azer/dev/boxcars/node_modules/lowkick/lib/server.js:84:35
    at [object Object].<anonymous> (fs.js:107:5)
    at [object Object].emit (events.js:61:17)
    at afterRead (fs.js:878:12)
    at wrapper (fs.js:245:17)
[2012-05-01 13:12:03.874] [ERROR] lowkick - Invalid params "undefined"
[2012-05-01 13:12:03.875] [INFO] lowkick - Outputting test page for Mozilla/5.0 (X11; Linux x86_64; rv:6.0.2) Gecko/20100101 Firefox/6.0.2
[2012-05-01 13:12:04.094] [INFO] lowkick - [signal] BEGIN
[2012-05-01 13:12:04.096] [INFO] lowkick - [message] Running "testArgs"
[2012-05-01 13:12:04.140] [INFO] lowkick - [message] Running "testArray"
[2012-05-01 13:12:04.152] [INFO] lowkick - [message] Running "testObj"
[2012-05-01 13:12:04.162] [INFO] lowkick - [message] Running "testCaching"
[2012-05-01 13:12:04.167] [INFO] lowkick - [signal] END
[2012-05-01 13:12:04.167] [INFO] lowkick - [message] Setting test result of current environment as OK
[2012-05-01 13:12:04.169] [INFO] lowkick - Setting result of "dom,firefox,gecko,modules,navigator" as OK
